C:\DOCUMENTS AND SETTINGS\LOADED\MES DOCUMENTS\SRC\FURNACE\FURNACE32DBG.EXE
C:\DOCUMENTS AND SETTINGS\LOADED\MES DOCUMENTS\SRC\FURNACE\FURNACE32DBG.ILK
C:\DOCUMENTS AND SETTINGS\LOADED\MES DOCUMENTS\SRC\FURNACE\FURNACE32DBG.PDB
C:\Documents and Settings\loaded\Mes documents\src\Furnace\VisualC\..\Furnace32dbg.exe
C:\Documents and Settings\loaded\Mes documents\src\Furnace\VisualC\..\Furnace32dbg.ilk
C:\Documents and Settings\loaded\Mes documents\src\Furnace\VisualC\..\Furnace32dbg.pdb
C:\Documents and Settings\loaded\Mes documents\src\Furnace\VisualC\Furnace\Win32\Debug\cl.command.1.tlog
C:\Documents and Settings\loaded\Mes documents\src\Furnace\VisualC\Furnace\Win32\Debug\CL.read.1.tlog
C:\Documents and Settings\loaded\Mes documents\src\Furnace\VisualC\Furnace\Win32\Debug\CL.write.1.tlog
C:\DOCUMENTS AND SETTINGS\LOADED\MES DOCUMENTS\SRC\FURNACE\VISUALC\FURNACE\WIN32\DEBUG\FURNACE32DBG.EXE.INTERMEDIATE.MANIFEST
C:\DOCUMENTS AND SETTINGS\LOADED\MES DOCUMENTS\SRC\FURNACE\VISUALC\FURNACE\WIN32\DEBUG\GAME.OBJ
C:\DOCUMENTS AND SETTINGS\LOADED\MES DOCUMENTS\SRC\FURNACE\VISUALC\FURNACE\WIN32\DEBUG\GAMEOBJECT.OBJ
C:\DOCUMENTS AND SETTINGS\LOADED\MES DOCUMENTS\SRC\FURNACE\VISUALC\FURNACE\WIN32\DEBUG\HANDLEEVENTS.OBJ
C:\Documents and Settings\loaded\Mes documents\src\Furnace\VisualC\Furnace\Win32\Debug\link.command.1.tlog
C:\Documents and Settings\loaded\Mes documents\src\Furnace\VisualC\Furnace\Win32\Debug\link.read.1.tlog
C:\Documents and Settings\loaded\Mes documents\src\Furnace\VisualC\Furnace\Win32\Debug\link.write.1.tlog
C:\DOCUMENTS AND SETTINGS\LOADED\MES DOCUMENTS\SRC\FURNACE\VISUALC\FURNACE\WIN32\DEBUG\MAIN.OBJ
C:\Documents and Settings\loaded\Mes documents\src\Furnace\VisualC\Furnace\Win32\Debug\mt.command.1.tlog
C:\Documents and Settings\loaded\Mes documents\src\Furnace\VisualC\Furnace\Win32\Debug\mt.read.1.tlog
C:\Documents and Settings\loaded\Mes documents\src\Furnace\VisualC\Furnace\Win32\Debug\mt.write.1.tlog
C:\DOCUMENTS AND SETTINGS\LOADED\MES DOCUMENTS\SRC\FURNACE\VISUALC\FURNACE\WIN32\DEBUG\TEXTUREMANAGER.OBJ
C:\Documents and Settings\loaded\Mes documents\src\Furnace\VisualC\Furnace\Win32\Debug\vc100.idb
C:\DOCUMENTS AND SETTINGS\LOADED\MES DOCUMENTS\SRC\FURNACE\VISUALC\FURNACE\WIN32\DEBUG\VC100.PDB
