Build started 9/24/2015 11:53:26 AM.
     1>Project "C:\Users\loaded\Source\Furnace\VisualC\Furnace\VisualC2013.vcxproj" on node 2 (Build target(s)).
     1>C:\Program Files (x86)\MSBuild\Microsoft.Cpp\v4.0\V120\Microsoft.CppBuild.targets(381,5): warning MSB8028: The intermediate directory (Win32\Debug\) contains files shared from another project (Test.vcxproj).  This can lead to incorrect clean and rebuild behavior.
     1>Link:
         VisualC2013.vcxproj -> C:\Users\loaded\Source\Furnace\VisualC\Furnace\Win32\Debug\VisualC2013.exe
       PostBuildEvent:
         copy ..\..\..\SDL2_image-2.0.0\VisualC\Win32\Debug\SDL2_image.dll Win32\Debug\
         copy ..\..\..\SDL2_image-2.0.0\VisualC\external\lib\x86\*.dll Win32\Debug\
         copy ..\..\..\SDL2-2.0.3\VisualC\SDL\Win32\Debug\SDL2.dll Win32\Debug\
         :VCEnd
                 1 file(s) copied.
         ..\..\..\SDL2_image-2.0.0\VisualC\external\lib\x86\libjpeg-9.dll
         ..\..\..\SDL2_image-2.0.0\VisualC\external\lib\x86\libpng16-16.dll
         ..\..\..\SDL2_image-2.0.0\VisualC\external\lib\x86\libtiff-5.dll
         ..\..\..\SDL2_image-2.0.0\VisualC\external\lib\x86\libwebp-4.dll
         ..\..\..\SDL2_image-2.0.0\VisualC\external\lib\x86\zlib1.dll
                 5 file(s) copied.
                 1 file(s) copied.
     1>Done Building Project "C:\Users\loaded\Source\Furnace\VisualC\Furnace\VisualC2013.vcxproj" (Build target(s)).

Build succeeded.

Time Elapsed 00:00:00.09
