Build started 9/24/2015 11:53:40 AM.
     1>Project "C:\Users\loaded\Source\Furnace\VisualC\Furnace\VisualC2013.vcxproj" on node 2 (Build target(s)).
     1>ClCompile:
         C:\Program Files (x86)\Microsoft Visual Studio 12.0\VC\bin\CL.exe /c /Zi /nologo /W3 /WX- /O2 /Oi /Oy- /GL /D _MBCS /Gm- /EHsc /MD /GS /Gy /fp:precise /Zc:wchar_t /Zc:forScope /Fo"Win32\Release\\" /Fd"Win32\Release\vc120.pdb" /Gd /TC /analyze- /errorReport:prompt ..\..\src\game.c ..\..\src\handleEvents.c ..\..\src\main.c ..\..\src\textureManager.c
         game.c
         handleEvents.c
         main.c
         textureManager.c
       Link:
         C:\Program Files (x86)\Microsoft Visual Studio 12.0\VC\bin\link.exe /ERRORREPORT:PROMPT /OUT:"Win32\Release\VisualC2013.exe" /NOLOGO SDL2main.lib SDL2.lib SDL2_image.lib OpenGL32.lib kernel32.lib user32.lib gdi32.lib winspool.lib comdlg32.lib advapi32.lib shell32.lib ole32.lib oleaut32.lib uuid.lib odbc32.lib odbccp32.lib /MANIFEST /MANIFESTUAC:"level='asInvoker' uiAccess='false'" /manifest:embed /DEBUG /PDB:"Win32\Release\VisualC2013.pdb" /SUBSYSTEM:WINDOWS /OPT:REF /OPT:ICF /LTCG /TLBID:1 /DYNAMICBASE /NXCOMPAT /IMPLIB:"Win32\Release\VisualC2013.lib" /MACHINE:X86 /SAFESEH Win32\Release\game.obj
         Win32\Release\handleEvents.obj
         Win32\Release\main.obj
         Win32\Release\textureManager.obj
         Generating code
         Finished generating code
         VisualC2013.vcxproj -> C:\Users\loaded\Source\Furnace\VisualC\Furnace\Win32\Release\VisualC2013.exe
       PostBuildEvent:
         copy ..\..\..\SDL2_image-2.0.0\VisualC\Win32\Release\SDL2_image.dll Win32\Release\
         copy ..\..\..\SDL2_image-2.0.0\VisualC\external\lib\x86\*.dll Win32\Release\
         copy ..\..\..\SDL2-2.0.3\VisualC\SDL\Win32\Release\SDL2.dll Win32\Release\
         :VCEnd
                 1 file(s) copied.
         ..\..\..\SDL2_image-2.0.0\VisualC\external\lib\x86\libjpeg-9.dll
         ..\..\..\SDL2_image-2.0.0\VisualC\external\lib\x86\libpng16-16.dll
         ..\..\..\SDL2_image-2.0.0\VisualC\external\lib\x86\libtiff-5.dll
         ..\..\..\SDL2_image-2.0.0\VisualC\external\lib\x86\libwebp-4.dll
         ..\..\..\SDL2_image-2.0.0\VisualC\external\lib\x86\zlib1.dll
                 5 file(s) copied.
                 1 file(s) copied.
     1>Done Building Project "C:\Users\loaded\Source\Furnace\VisualC\Furnace\VisualC2013.vcxproj" (Build target(s)).

Build succeeded.

Time Elapsed 00:00:00.70
