Build started 9/24/2015 11:53:51 AM.
     1>Project "C:\Users\loaded\Source\Furnace\VisualC\Furnace\VisualC2013.vcxproj" on node 2 (Build target(s)).
     1>ClCompile:
         C:\Program Files (x86)\Microsoft Visual Studio 12.0\VC\bin\x86_amd64\CL.exe /c /Zi /nologo /W3 /WX- /O2 /Oi /GL /D _MBCS /Gm- /EHsc /MD /GS /Gy /fp:precise /Zc:wchar_t /Zc:forScope /Fo"x64\Release\\" /Fd"x64\Release\vc120.pdb" /Gd /TC /errorReport:prompt ..\..\src\game.c ..\..\src\handleEvents.c ..\..\src\main.c ..\..\src\textureManager.c
         game.c
         handleEvents.c
         main.c
         textureManager.c
       Link:
         C:\Program Files (x86)\Microsoft Visual Studio 12.0\VC\bin\x86_amd64\link.exe /ERRORREPORT:PROMPT /OUT:"x64\Release\VisualC2013.exe" /NOLOGO SDL2main.lib SDL2.lib SDL2_image.lib OpenGL32.lib kernel32.lib user32.lib gdi32.lib winspool.lib comdlg32.lib advapi32.lib shell32.lib ole32.lib oleaut32.lib uuid.lib odbc32.lib odbccp32.lib /MANIFEST /MANIFESTUAC:"level='asInvoker' uiAccess='false'" /manifest:embed /DEBUG /PDB:"x64\Release\VisualC2013.pdb" /SUBSYSTEM:WINDOWS /OPT:REF /OPT:ICF /LTCG /TLBID:1 /DYNAMICBASE /NXCOMPAT /IMPLIB:"x64\Release\VisualC2013.lib" /MACHINE:X64 x64\Release\game.obj
         x64\Release\handleEvents.obj
         x64\Release\main.obj
         x64\Release\textureManager.obj
         Generating code
         Finished generating code
         VisualC2013.vcxproj -> C:\Users\loaded\Source\Furnace\VisualC\Furnace\x64\Release\VisualC2013.exe
       PostBuildEvent:
         copy ..\..\..\SDL2_image-2.0.0\VisualC\x64\Release\SDL2_image.dll x64\Release\
         copy ..\..\..\SDL2_image-2.0.0\VisualC\external\lib\x64\*.dll x64\Release\
         copy ..\..\..\SDL2-2.0.3\VisualC\SDL\x64\Release\SDL2.dll x64\Release\
         :VCEnd
                 1 file(s) copied.
         ..\..\..\SDL2_image-2.0.0\VisualC\external\lib\x64\libjpeg-9.dll
         ..\..\..\SDL2_image-2.0.0\VisualC\external\lib\x64\libpng16-16.dll
         ..\..\..\SDL2_image-2.0.0\VisualC\external\lib\x64\libtiff-5.dll
         ..\..\..\SDL2_image-2.0.0\VisualC\external\lib\x64\libwebp-4.dll
         ..\..\..\SDL2_image-2.0.0\VisualC\external\lib\x64\zlib1.dll
                 5 file(s) copied.
                 1 file(s) copied.
     1>Done Building Project "C:\Users\loaded\Source\Furnace\VisualC\Furnace\VisualC2013.vcxproj" (Build target(s)).

Build succeeded.

Time Elapsed 00:00:00.85
